Vivado Simulator 2019.1
Copyright 1986-1999, 2001-2019 Xilinx, Inc. All Rights Reserved.
Running: C:/Xilinx/Vivado/2019.1/bin/unwrapped/win64.o/xelab.exe -wto 7d3a574d62ce487ca54e11fc174f3ac1 --incr --debug typical --relax --mt 2 -L xil_defaultlib -L unisims_ver -L unimacro_ver -L secureip --snapshot forwarding_Test_tb_behav xil_defaultlib.forwarding_Test_tb xil_defaultlib.glbl -log elaborate.log 
Using 2 slave threads.
Starting static elaboration
WARNING: [VRFC 10-3091] actual bit length 32 differs from formal bit length 1 for port 'Inst_In' [D:/College/IIITD/Others/CA_Proj_Git_Bkp/RISC_Pipeline/RISC_Pipe_Git/RISC_Pipe_Git.srcs/sim_1/new/forwarding_Test_tb.v:123]
WARNING: [VRFC 10-3091] actual bit length 32 differs from formal bit length 1 for port 'Store_Operand_B_Data_In' [D:/College/IIITD/Others/CA_Proj_Git_Bkp/RISC_Pipeline/RISC_Pipe_Git/RISC_Pipe_Git.srcs/sim_1/new/forwarding_Test_tb.v:205]
Completed static elaboration
Starting simulation data flow analysis
Completed simulation data flow analysis
Time Resolution for simulation is 1ps
Compiling module xil_defaultlib.IF
WARNING: [XSIM 43-3373] "D:/College/IIITD/Others/CA_Proj_Git_Bkp/RISC_Pipeline/RISC_Pipe_Git/RISC_Pipe_Git.srcs/sources_1/new/IF.v" Line 78. System function $fscanf is used as system task. This system function should have a LHS e.g. x=$fscanf().
Compiling module xil_defaultlib.IF_DE_REG
Compiling module xil_defaultlib.Register_File
WARNING: [XSIM 43-3373] "D:/College/IIITD/Others/CA_Proj_Git_Bkp/RISC_Pipeline/RISC_Pipe_Git/RISC_Pipe_Git.srcs/sources_1/new/Register_File.v" Line 58. System function $fscanf is used as system task. This system function should have a LHS e.g. x=$fscanf().
Compiling module xil_defaultlib.ID
Compiling module xil_defaultlib.ID_EX_reg
Compiling module xil_defaultlib.EX
Compiling module xil_defaultlib.EX_MA_reg
Compiling module xil_defaultlib.Data_Memory
WARNING: [XSIM 43-3373] "D:/College/IIITD/Others/CA_Proj_Git_Bkp/RISC_Pipeline/RISC_Pipe_Git/RISC_Pipe_Git.srcs/sources_1/new/Data_Memory.v" Line 75. System function $fscanf is used as system task. This system function should have a LHS e.g. x=$fscanf().
Compiling module xil_defaultlib.MA_RW_reg
Compiling module xil_defaultlib.RW
Compiling module xil_defaultlib.Forward_Unit
Compiling module xil_defaultlib.forwarding_Test_tb
Compiling module xil_defaultlib.glbl
Built simulation snapshot forwarding_Test_tb_behav
